1592592845094	mozrunner::runner	INFO	Running command: "C:\\Program Files\\Mozilla Firefox\\firefox.exe" "-marionette" "-foreground" "-no-remote" "-profile" "C:\\Users\\liamd\\AppData\\Local\\Temp\\rust_mozprofilekJmc0o"
JavaScript error: resource://gre/modules/XULStore.jsm, line 66: Error: Can't find profile directory.
1592592846621	Marionette	INFO	Listening on port 58808
1592592847100	Marionette	WARN	TLS certificate errors will be ignored for this session
1592592885675	Marionette	INFO	Stopped listening on port 58808

###!!! [Child][RunMessage] Error: Channel closing: too late to send/recv, messages will be lost


###!!! [Child][MessageChannel::SendAndWait] Error: Channel error: cannot send/recv

1592592889251	mozrunner::runner	INFO	Running command: "C:\\Program Files\\Mozilla Firefox\\firefox.exe" "-marionette" "--ignore-certificate-errors" "--incognito" "--headless" "-foreground" "-no-remote" "-profile" "C:\\Users\\liamd\\AppData\\Local\\Temp\\rust_mozprofile1N8J4h"
*** You are running in headless mode.
JavaScript error: resource://gre/modules/XULStore.jsm, line 66: Error: Can't find profile directory.
1592592890353	Marionette	INFO	Listening on port 58856
1592592890758	Marionette	WARN	TLS certificate errors will be ignored for this session
1592592899352	mozrunner::runner	INFO	Running command: "C:\\Program Files\\Mozilla Firefox\\firefox.exe" "-marionette" "--ignore-certificate-errors" "--incognito" "--headless" "-foreground" "-no-remote" "-profile" "C:\\Users\\liamd\\AppData\\Local\\Temp\\rust_mozprofile9VdAds"
*** You are running in headless mode.
JavaScript error: resource://gre/modules/XULStore.jsm, line 66: Error: Can't find profile directory.
1592592900516	Marionette	INFO	Listening on port 58906
1592592900862	Marionette	WARN	TLS certificate errors will be ignored for this session
1592593115829	mozrunner::runner	INFO	Running command: "C:\\Program Files\\Mozilla Firefox\\firefox.exe" "-marionette" "--ignore-certificate-errors" "--incognito" "--headless" "-foreground" "-no-remote" "-profile" "C:\\Users\\liamd\\AppData\\Local\\Temp\\rust_mozprofilenAwyPe"
*** You are running in headless mode.
JavaScript error: resource://gre/modules/XULStore.jsm, line 66: Error: Can't find profile directory.
1592593116936	Marionette	INFO	Listening on port 58969
1592593117335	Marionette	WARN	TLS certificate errors will be ignored for this session
1592593485271	mozrunner::runner	INFO	Running command: "C:\\Program Files\\Mozilla Firefox\\firefox.exe" "-marionette" "--ignore-certificate-errors" "--incognito" "--headless" "-foreground" "-no-remote" "-profile" "C:\\Users\\liamd\\AppData\\Local\\Temp\\rust_mozprofilejo4toQ"
*** You are running in headless mode.
JavaScript error: resource://gre/modules/XULStore.jsm, line 66: Error: Can't find profile directory.
1592593486335	Marionette	INFO	Listening on port 59081
1592593486777	Marionette	WARN	TLS certificate errors will be ignored for this session
1592593541309	mozrunner::runner	INFO	Running command: "C:\\Program Files\\Mozilla Firefox\\firefox.exe" "-marionette" "--ignore-certificate-errors" "--incognito" "--headless" "-foreground" "-no-remote" "-profile" "C:\\Users\\liamd\\AppData\\Local\\Temp\\rust_mozprofileI2NoNC"
*** You are running in headless mode.
JavaScript error: resource://gre/modules/XULStore.jsm, line 66: Error: Can't find profile directory.
1592593542417	Marionette	INFO	Listening on port 59142
1592593542813	Marionette	WARN	TLS certificate errors will be ignored for this session
1592593641136	mozrunner::runner	INFO	Running command: "C:\\Program Files\\Mozilla Firefox\\firefox.exe" "-marionette" "--ignore-certificate-errors" "--incognito" "--headless" "-foreground" "-no-remote" "-profile" "C:\\Users\\liamd\\AppData\\Local\\Temp\\rust_mozprofileuMdzgS"
*** You are running in headless mode.
JavaScript error: resource://gre/modules/XULStore.jsm, line 66: Error: Can't find profile directory.
1592593642268	Marionette	INFO	Listening on port 59215
1592593642642	Marionette	WARN	TLS certificate errors will be ignored for this session
JavaScript error: resource://gre/modules/NetworkGeolocationProvider.jsm, line 555: TypeError: xhr.response.location is undefined
JavaScript error: , line 0: NS_ERROR_NOT_AVAILABLE
JavaScript error: , line 0: NS_ERROR_NOT_AVAILABLE
1592593793739	mozrunner::runner	INFO	Running command: "C:\\Program Files\\Mozilla Firefox\\firefox.exe" "-marionette" "--ignore-certificate-errors" "--incognito" "--headless" "-foreground" "-no-remote" "-profile" "C:\\Users\\liamd\\AppData\\Local\\Temp\\rust_mozprofilewEcbkr"
*** You are running in headless mode.
JavaScript error: resource://gre/modules/XULStore.jsm, line 66: Error: Can't find profile directory.
1592593794833	Marionette	INFO	Listening on port 59286
1592593795245	Marionette	WARN	TLS certificate errors will be ignored for this session
JavaScript error: resource://gre/modules/NetworkGeolocationProvider.jsm, line 555: TypeError: xhr.response.location is undefined
JavaScript error: resource://gre/modules/NetworkGeolocationProvider.jsm, line 555: TypeError: xhr.response.location is undefined
1592593909821	mozrunner::runner	INFO	Running command: "C:\\Program Files\\Mozilla Firefox\\firefox.exe" "-marionette" "--ignore-certificate-errors" "--incognito" "--headless" "-foreground" "-no-remote" "-profile" "C:\\Users\\liamd\\AppData\\Local\\Temp\\rust_mozprofileKWpUkY"
*** You are running in headless mode.
JavaScript error: resource://gre/modules/XULStore.jsm, line 66: Error: Can't find profile directory.
1592593910939	Marionette	INFO	Listening on port 59359
1592593911326	Marionette	WARN	TLS certificate errors will be ignored for this session
1592593931888	mozrunner::runner	INFO	Running command: "C:\\Program Files\\Mozilla Firefox\\firefox.exe" "-marionette" "--ignore-certificate-errors" "--incognito" "--headless" "-foreground" "-no-remote" "-profile" "C:\\Users\\liamd\\AppData\\Local\\Temp\\rust_mozprofilekEkjMl"
*** You are running in headless mode.
JavaScript error: resource://gre/modules/XULStore.jsm, line 66: Error: Can't find profile directory.
1592593932966	Marionette	INFO	Listening on port 59418
1592593933394	Marionette	WARN	TLS certificate errors will be ignored for this session
1592593969309	mozrunner::runner	INFO	Running command: "C:\\Program Files\\Mozilla Firefox\\firefox.exe" "-marionette" "--ignore-certificate-errors" "--incognito" "--headless" "-foreground" "-no-remote" "-profile" "C:\\Users\\liamd\\AppData\\Local\\Temp\\rust_mozprofileXRjS2s"
*** You are running in headless mode.
JavaScript error: resource://gre/modules/XULStore.jsm, line 66: Error: Can't find profile directory.
1592593970383	Marionette	INFO	Listening on port 59477
1592593970813	Marionette	WARN	TLS certificate errors will be ignored for this session
JavaScript error: , line 0: NS_ERROR_NOT_AVAILABLE
1592594001800	mozrunner::runner	INFO	Running command: "C:\\Program Files\\Mozilla Firefox\\firefox.exe" "-marionette" "--ignore-certificate-errors" "--incognito" "--headless" "-foreground" "-no-remote" "-profile" "C:\\Users\\liamd\\AppData\\Local\\Temp\\rust_mozprofileAF6Yoz"
*** You are running in headless mode.
JavaScript error: resource://gre/modules/XULStore.jsm, line 66: Error: Can't find profile directory.
1592594002904	Marionette	INFO	Listening on port 59550
1592594003305	Marionette	WARN	TLS certificate errors will be ignored for this session
1592594033655	mozrunner::runner	INFO	Running command: "C:\\Program Files\\Mozilla Firefox\\firefox.exe" "-marionette" "--ignore-certificate-errors" "--incognito" "--headless" "-foreground" "-no-remote" "-profile" "C:\\Users\\liamd\\AppData\\Local\\Temp\\rust_mozprofiledkthCX"
*** You are running in headless mode.
JavaScript error: resource://gre/modules/XULStore.jsm, line 66: Error: Can't find profile directory.
1592594034763	Marionette	INFO	Listening on port 59612
1592594035158	Marionette	WARN	TLS certificate errors will be ignored for this session
JavaScript error: resource://gre/modules/NetworkGeolocationProvider.jsm, line 555: TypeError: xhr.response.location is undefined
JavaScript error: resource://gre/modules/NetworkGeolocationProvider.jsm, line 555: TypeError: xhr.response.location is undefined
JavaScript error: resource://gre/modules/NetworkGeolocationProvider.jsm, line 555: TypeError: xhr.response.location is undefined
1592594126431	mozrunner::runner	INFO	Running command: "C:\\Program Files\\Mozilla Firefox\\firefox.exe" "-marionette" "--ignore-certificate-errors" "--incognito" "--headless" "-foreground" "-no-remote" "-profile" "C:\\Users\\liamd\\AppData\\Local\\Temp\\rust_mozprofileX75Jf9"
*** You are running in headless mode.
JavaScript error: resource://gre/modules/XULStore.jsm, line 66: Error: Can't find profile directory.
1592594127554	Marionette	INFO	Listening on port 59690
1592594127935	Marionette	WARN	TLS certificate errors will be ignored for this session
JavaScript error: , line 0: NS_ERROR_NOT_AVAILABLE
JavaScript error: , line 0: NS_ERROR_NOT_AVAILABLE
JavaScript error: , line 0: NS_ERROR_NOT_AVAILABLE
JavaScript error: , line 0: NS_ERROR_NOT_AVAILABLE
JavaScript error: , line 0: NS_ERROR_NOT_AVAILABLE
JavaScript error: , line 0: NS_ERROR_NOT_AVAILABLE
JavaScript error: , line 0: NS_ERROR_NOT_AVAILABLE
JavaScript error: , line 0: NS_ERROR_NOT_AVAILABLE
JavaScript error: , line 0: NS_ERROR_NOT_AVAILABLE
JavaScript error: , line 0: NS_ERROR_NOT_AVAILABLE
1592600749740	mozrunner::runner	INFO	Running command: "C:\\Program Files\\Mozilla Firefox\\firefox.exe" "-marionette" "--ignore-certificate-errors" "--incognito" "-foreground" "-no-remote" "-profile" "C:\\Users\\liamd\\AppData\\Local\\Temp\\rust_mozprofile1fIW0f"
JavaScript error: resource://gre/modules/XULStore.jsm, line 66: Error: Can't find profile directory.
1592600751491	Marionette	INFO	Listening on port 60576
1592600751744	Marionette	WARN	TLS certificate errors will be ignored for this session
1592604560197	Marionette	INFO	Stopped listening on port 60576

###!!! [Child][RunMessage] Error: Channel closing: too late to send/recv, messages will be lost


###!!! [Child][MessageChannel::SendAndWait] Error: Channel error: cannot send/recv

1592605218340	mozrunner::runner	INFO	Running command: "C:\\Program Files\\Mozilla Firefox\\firefox.exe" "-marionette" "--ignore-certificate-errors" "--incognito" "--headless" "-foreground" "-no-remote" "-profile" "C:\\Users\\liamd\\AppData\\Local\\Temp\\rust_mozprofile6xLojr"
*** You are running in headless mode.
JavaScript error: resource://gre/modules/XULStore.jsm, line 66: Error: Can't find profile directory.
1592605219401	Marionette	INFO	Listening on port 61124
1592605219845	Marionette	WARN	TLS certificate errors will be ignored for this session
JavaScript error: , line 0: NS_ERROR_NOT_AVAILABLE
1592606957286	mozrunner::runner	INFO	Running command: "C:\\Program Files\\Mozilla Firefox\\firefox.exe" "-marionette" "--ignore-certificate-errors" "--incognito" "--headless" "-foreground" "-no-remote" "-profile" "C:\\Users\\liamd\\AppData\\Local\\Temp\\rust_mozprofileDneZ72"
*** You are running in headless mode.
JavaScript error: resource://gre/modules/XULStore.jsm, line 66: Error: Can't find profile directory.
1592606958489	Marionette	INFO	Listening on port 55508
1592606958791	Marionette	WARN	TLS certificate errors will be ignored for this session
1592607174285	mozrunner::runner	INFO	Running command: "C:\\Program Files\\Mozilla Firefox\\firefox.exe" "-marionette" "--ignore-certificate-errors" "--incognito" "--headless" "-foreground" "-no-remote" "-profile" "C:\\Users\\liamd\\AppData\\Local\\Temp\\rust_mozprofileyseTMa"
*** You are running in headless mode.
JavaScript error: resource://gre/modules/XULStore.jsm, line 66: Error: Can't find profile directory.
1592607175393	Marionette	INFO	Listening on port 55573
1592607175791	Marionette	WARN	TLS certificate errors will be ignored for this session
1592607210314	mozrunner::runner	INFO	Running command: "C:\\Program Files\\Mozilla Firefox\\firefox.exe" "-marionette" "--ignore-certificate-errors" "--incognito" "--headless" "-foreground" "-no-remote" "-profile" "C:\\Users\\liamd\\AppData\\Local\\Temp\\rust_mozprofile6weJjH"
*** You are running in headless mode.
JavaScript error: resource://gre/modules/XULStore.jsm, line 66: Error: Can't find profile directory.
1592607211425	Marionette	INFO	Listening on port 55638
1592607211818	Marionette	WARN	TLS certificate errors will be ignored for this session
1592607364803	mozrunner::runner	INFO	Running command: "C:\\Program Files\\Mozilla Firefox\\firefox.exe" "-marionette" "--ignore-certificate-errors" "--incognito" "--headless" "-foreground" "-no-remote" "-profile" "C:\\Users\\liamd\\AppData\\Local\\Temp\\rust_mozprofile6HqhTO"
*** You are running in headless mode.
JavaScript error: resource://gre/modules/XULStore.jsm, line 66: Error: Can't find profile directory.
1592607365930	Marionette	INFO	Listening on port 55715
1592607366308	Marionette	WARN	TLS certificate errors will be ignored for this session
1592607384654	mozrunner::runner	INFO	Running command: "C:\\Program Files\\Mozilla Firefox\\firefox.exe" "-marionette" "--ignore-certificate-errors" "--incognito" "--headless" "-foreground" "-no-remote" "-profile" "C:\\Users\\liamd\\AppData\\Local\\Temp\\rust_mozprofileOxU4d5"
*** You are running in headless mode.
JavaScript error: resource://gre/modules/XULStore.jsm, line 66: Error: Can't find profile directory.
1592607385814	Marionette	INFO	Listening on port 55778
1592607386159	Marionette	WARN	TLS certificate errors will be ignored for this session
1592607405094	mozrunner::runner	INFO	Running command: "C:\\Program Files\\Mozilla Firefox\\firefox.exe" "-marionette" "--ignore-certificate-errors" "--incognito" "--headless" "-foreground" "-no-remote" "-profile" "C:\\Users\\liamd\\AppData\\Local\\Temp\\rust_mozprofile0bRpvS"
*** You are running in headless mode.
JavaScript error: resource://gre/modules/XULStore.jsm, line 66: Error: Can't find profile directory.
1592607406310	Marionette	INFO	Listening on port 55839
1592607406598	Marionette	WARN	TLS certificate errors will be ignored for this session
1592607534835	mozrunner::runner	INFO	Running command: "C:\\Program Files\\Mozilla Firefox\\firefox.exe" "-marionette" "--ignore-certificate-errors" "--incognito" "--headless" "-foreground" "-no-remote" "-profile" "C:\\Users\\liamd\\AppData\\Local\\Temp\\rust_mozprofilehqNE5p"
*** You are running in headless mode.
JavaScript error: resource://gre/modules/XULStore.jsm, line 66: Error: Can't find profile directory.
1592607535976	Marionette	INFO	Listening on port 55921
1592607536339	Marionette	WARN	TLS certificate errors will be ignored for this session
JavaScript error: chrome://marionette/content/proxy.js, line 222: TypeError: this.browser.driver.dialogObserver is null
1592607543257	mozrunner::runner	INFO	Running command: "C:\\Program Files\\Mozilla Firefox\\firefox.exe" "-marionette" "--ignore-certificate-errors" "--incognito" "--headless" "-foreground" "-no-remote" "-profile" "C:\\Users\\liamd\\AppData\\Local\\Temp\\rust_mozprofileWs7wCG"
*** You are running in headless mode.
JavaScript error: resource://gre/modules/XULStore.jsm, line 66: Error: Can't find profile directory.
1592607544395	Marionette	INFO	Listening on port 55984
1592607544761	Marionette	WARN	TLS certificate errors will be ignored for this session
JavaScript error: , line 0: NS_ERROR_NOT_AVAILABLE
JavaScript error: , line 0: NS_ERROR_NOT_AVAILABLE
JavaScript error: , line 0: NS_ERROR_NOT_AVAILABLE
1592608206955	mozrunner::runner	INFO	Running command: "C:\\Program Files\\Mozilla Firefox\\firefox.exe" "-marionette" "--ignore-certificate-errors" "--incognito" "--headless" "-foreground" "-no-remote" "-profile" "C:\\Users\\liamd\\AppData\\Local\\Temp\\rust_mozprofileiihkMY"
*** You are running in headless mode.
JavaScript error: resource://gre/modules/XULStore.jsm, line 66: Error: Can't find profile directory.
1592608208024	Marionette	INFO	Listening on port 56145
1592608208461	Marionette	WARN	TLS certificate errors will be ignored for this session
JavaScript error: , line 0: NS_ERROR_NOT_AVAILABLE
JavaScript error: , line 0: NS_ERROR_NOT_AVAILABLE
JavaScript error: , line 0: NS_ERROR_NOT_AVAILABLE
1592608364252	mozrunner::runner	INFO	Running command: "C:\\Program Files\\Mozilla Firefox\\firefox.exe" "-marionette" "--ignore-certificate-errors" "--incognito" "--headless" "-foreground" "-no-remote" "-profile" "C:\\Users\\liamd\\AppData\\Local\\Temp\\rust_mozprofileIPvkfp"
*** You are running in headless mode.
JavaScript error: resource://gre/modules/XULStore.jsm, line 66: Error: Can't find profile directory.
1592608365386	Marionette	INFO	Listening on port 56233
1592608365757	Marionette	WARN	TLS certificate errors will be ignored for this session
1592608369990	Marionette	WARN	TimedPromise timed out after 0 ms: stacktrace:
TimedPromise/<@chrome://marionette/content/sync.js:245:13
TimedPromise@chrome://marionette/content/sync.js:230:10
Sleep@chrome://marionette/content/sync.js:283:10
dispatchPause@chrome://marionette/content/action.js:1482:10
toEvents/<@chrome://marionette/content/action.js:1156:16
action.dispatchTickActions@chrome://marionette/content/action.js:1060:35
action.dispatch/chainEvents<@chrome://marionette/content/action.js:1028:20
action.dispatch@chrome://marionette/content/action.js:1034:5
performActions@chrome://marionette/content/listener.js:853:16
dispatch/</req<@chrome://marionette/content/listener.js:527:14
dispatch/<@chrome://marionette/content/listener.js:520:15
JavaScript error: , line 0: NS_ERROR_NOT_AVAILABLE
JavaScript error: , line 0: NS_ERROR_NOT_AVAILABLE
1592608532989	mozrunner::runner	INFO	Running command: "C:\\Program Files\\Mozilla Firefox\\firefox.exe" "-marionette" "--ignore-certificate-errors" "--incognito" "--headless" "-foreground" "-no-remote" "-profile" "C:\\Users\\liamd\\AppData\\Local\\Temp\\rust_mozprofilezCxfDn"
*** You are running in headless mode.
JavaScript error: resource://gre/modules/XULStore.jsm, line 66: Error: Can't find profile directory.
1592608534124	Marionette	INFO	Listening on port 56310
1592608534493	Marionette	WARN	TLS certificate errors will be ignored for this session
1592608539123	Marionette	WARN	TimedPromise timed out after 0 ms: stacktrace:
TimedPromise/<@chrome://marionette/content/sync.js:245:13
TimedPromise@chrome://marionette/content/sync.js:230:10
Sleep@chrome://marionette/content/sync.js:283:10
dispatchPause@chrome://marionette/content/action.js:1482:10
toEvents/<@chrome://marionette/content/action.js:1156:16
action.dispatchTickActions@chrome://marionette/content/action.js:1060:35
action.dispatch/chainEvents<@chrome://marionette/content/action.js:1028:20
action.dispatch@chrome://marionette/content/action.js:1034:5
performActions@chrome://marionette/content/listener.js:853:16
dispatch/</req<@chrome://marionette/content/listener.js:527:14
dispatch/<@chrome://marionette/content/listener.js:520:15
1592608591554	mozrunner::runner	INFO	Running command: "C:\\Program Files\\Mozilla Firefox\\firefox.exe" "-marionette" "--ignore-certificate-errors" "--incognito" "--headless" "-foreground" "-no-remote" "-profile" "C:\\Users\\liamd\\AppData\\Local\\Temp\\rust_mozprofilexhDdNZ"
*** You are running in headless mode.
JavaScript error: resource://gre/modules/XULStore.jsm, line 66: Error: Can't find profile directory.
1592608592673	Marionette	INFO	Listening on port 56371
1592608593058	Marionette	WARN	TLS certificate errors will be ignored for this session
1592608597327	Marionette	WARN	TimedPromise timed out after 0 ms: stacktrace:
TimedPromise/<@chrome://marionette/content/sync.js:245:13
TimedPromise@chrome://marionette/content/sync.js:230:10
Sleep@chrome://marionette/content/sync.js:283:10
dispatchPause@chrome://marionette/content/action.js:1482:10
toEvents/<@chrome://marionette/content/action.js:1156:16
action.dispatchTickActions@chrome://marionette/content/action.js:1060:35
action.dispatch/chainEvents<@chrome://marionette/content/action.js:1028:20
action.dispatch@chrome://marionette/content/action.js:1034:5
performActions@chrome://marionette/content/listener.js:853:16
dispatch/</req<@chrome://marionette/content/listener.js:527:14
dispatch/<@chrome://marionette/content/listener.js:520:15
1592608682418	mozrunner::runner	INFO	Running command: "C:\\Program Files\\Mozilla Firefox\\firefox.exe" "-marionette" "--ignore-certificate-errors" "--incognito" "--headless" "-foreground" "-no-remote" "-profile" "C:\\Users\\liamd\\AppData\\Local\\Temp\\rust_mozprofileqb586c"
*** You are running in headless mode.
JavaScript error: resource://gre/modules/XULStore.jsm, line 66: Error: Can't find profile directory.
1592608683508	Marionette	INFO	Listening on port 56455
1592608683922	Marionette	WARN	TLS certificate errors will be ignored for this session
1592608688089	Marionette	WARN	TimedPromise timed out after 0 ms: stacktrace:
TimedPromise/<@chrome://marionette/content/sync.js:245:13
TimedPromise@chrome://marionette/content/sync.js:230:10
Sleep@chrome://marionette/content/sync.js:283:10
dispatchPause@chrome://marionette/content/action.js:1482:10
toEvents/<@chrome://marionette/content/action.js:1156:16
action.dispatchTickActions@chrome://marionette/content/action.js:1060:35
action.dispatch/chainEvents<@chrome://marionette/content/action.js:1028:20
action.dispatch@chrome://marionette/content/action.js:1034:5
performActions@chrome://marionette/content/listener.js:853:16
dispatch/</req<@chrome://marionette/content/listener.js:527:14
dispatch/<@chrome://marionette/content/listener.js:520:15
1592608720505	mozrunner::runner	INFO	Running command: "C:\\Program Files\\Mozilla Firefox\\firefox.exe" "-marionette" "--ignore-certificate-errors" "--incognito" "--headless" "-foreground" "-no-remote" "-profile" "C:\\Users\\liamd\\AppData\\Local\\Temp\\rust_mozprofileh8BOrV"
*** You are running in headless mode.
JavaScript error: resource://gre/modules/XULStore.jsm, line 66: Error: Can't find profile directory.
1592608721709	Marionette	INFO	Listening on port 56524
1592608722009	Marionette	WARN	TLS certificate errors will be ignored for this session
1592608726315	Marionette	WARN	TimedPromise timed out after 0 ms: stacktrace:
TimedPromise/<@chrome://marionette/content/sync.js:245:13
TimedPromise@chrome://marionette/content/sync.js:230:10
Sleep@chrome://marionette/content/sync.js:283:10
dispatchPause@chrome://marionette/content/action.js:1482:10
toEvents/<@chrome://marionette/content/action.js:1156:16
action.dispatchTickActions@chrome://marionette/content/action.js:1060:35
action.dispatch/chainEvents<@chrome://marionette/content/action.js:1028:20
action.dispatch@chrome://marionette/content/action.js:1034:5
performActions@chrome://marionette/content/listener.js:853:16
dispatch/</req<@chrome://marionette/content/listener.js:527:14
dispatch/<@chrome://marionette/content/listener.js:520:15
1592608760632	mozrunner::runner	INFO	Running command: "C:\\Program Files\\Mozilla Firefox\\firefox.exe" "-marionette" "--ignore-certificate-errors" "--incognito" "--headless" "-foreground" "-no-remote" "-profile" "C:\\Users\\liamd\\AppData\\Local\\Temp\\rust_mozprofileWWqac7"
*** You are running in headless mode.
JavaScript error: resource://gre/modules/XULStore.jsm, line 66: Error: Can't find profile directory.
1592608761758	Marionette	INFO	Listening on port 56589
1592608762137	Marionette	WARN	TLS certificate errors will be ignored for this session
1592608766411	Marionette	WARN	TimedPromise timed out after 0 ms: stacktrace:
TimedPromise/<@chrome://marionette/content/sync.js:245:13
TimedPromise@chrome://marionette/content/sync.js:230:10
Sleep@chrome://marionette/content/sync.js:283:10
dispatchPause@chrome://marionette/content/action.js:1482:10
toEvents/<@chrome://marionette/content/action.js:1156:16
action.dispatchTickActions@chrome://marionette/content/action.js:1060:35
action.dispatch/chainEvents<@chrome://marionette/content/action.js:1028:20
action.dispatch@chrome://marionette/content/action.js:1034:5
performActions@chrome://marionette/content/listener.js:853:16
dispatch/</req<@chrome://marionette/content/listener.js:527:14
dispatch/<@chrome://marionette/content/listener.js:520:15
1592608856769	mozrunner::runner	INFO	Running command: "C:\\Program Files\\Mozilla Firefox\\firefox.exe" "-marionette" "--ignore-certificate-errors" "--incognito" "--headless" "-foreground" "-no-remote" "-profile" "C:\\Users\\liamd\\AppData\\Local\\Temp\\rust_mozprofileA75lR4"
*** You are running in headless mode.
JavaScript error: resource://gre/modules/XULStore.jsm, line 66: Error: Can't find profile directory.
1592608857887	Marionette	INFO	Listening on port 56659
1592608858274	Marionette	WARN	TLS certificate errors will be ignored for this session
1592608898941	mozrunner::runner	INFO	Running command: "C:\\Program Files\\Mozilla Firefox\\firefox.exe" "-marionette" "--ignore-certificate-errors" "--incognito" "--headless" "-foreground" "-no-remote" "-profile" "C:\\Users\\liamd\\AppData\\Local\\Temp\\rust_mozprofileX5m2Ic"
*** You are running in headless mode.
JavaScript error: resource://gre/modules/XULStore.jsm, line 66: Error: Can't find profile directory.
1592608900093	Marionette	INFO	Listening on port 56724
1592608900447	Marionette	WARN	TLS certificate errors will be ignored for this session
1592608938959	mozrunner::runner	INFO	Running command: "C:\\Program Files\\Mozilla Firefox\\firefox.exe" "-marionette" "--ignore-certificate-errors" "--incognito" "--headless" "-foreground" "-no-remote" "-profile" "C:\\Users\\liamd\\AppData\\Local\\Temp\\rust_mozprofileQn27Dl"
*** You are running in headless mode.
JavaScript error: resource://gre/modules/XULStore.jsm, line 66: Error: Can't find profile directory.
1592608940082	Marionette	INFO	Listening on port 56790
1592608940465	Marionette	WARN	TLS certificate errors will be ignored for this session
1592608946739	Marionette	WARN	TimedPromise timed out after 0 ms: stacktrace:
TimedPromise/<@chrome://marionette/content/sync.js:245:13
TimedPromise@chrome://marionette/content/sync.js:230:10
Sleep@chrome://marionette/content/sync.js:283:10
dispatchPause@chrome://marionette/content/action.js:1482:10
toEvents/<@chrome://marionette/content/action.js:1156:16
action.dispatchTickActions@chrome://marionette/content/action.js:1060:35
action.dispatch/chainEvents<@chrome://marionette/content/action.js:1028:20
action.dispatch@chrome://marionette/content/action.js:1034:5
performActions@chrome://marionette/content/listener.js:853:16
dispatch/</req<@chrome://marionette/content/listener.js:527:14
dispatch/<@chrome://marionette/content/listener.js:520:15
1592609030178	mozrunner::runner	INFO	Running command: "C:\\Program Files\\Mozilla Firefox\\firefox.exe" "-marionette" "--ignore-certificate-errors" "--incognito" "--headless" "-foreground" "-no-remote" "-profile" "C:\\Users\\liamd\\AppData\\Local\\Temp\\rust_mozprofileamv5K5"
*** You are running in headless mode.
JavaScript error: resource://gre/modules/XULStore.jsm, line 66: Error: Can't find profile directory.
1592609031315	Marionette	INFO	Listening on port 56903
1592609031682	Marionette	WARN	TLS certificate errors will be ignored for this session
1592609036060	Marionette	WARN	TimedPromise timed out after 0 ms: stacktrace:
TimedPromise/<@chrome://marionette/content/sync.js:245:13
TimedPromise@chrome://marionette/content/sync.js:230:10
Sleep@chrome://marionette/content/sync.js:283:10
dispatchPause@chrome://marionette/content/action.js:1482:10
toEvents/<@chrome://marionette/content/action.js:1156:16
action.dispatchTickActions@chrome://marionette/content/action.js:1060:35
action.dispatch/chainEvents<@chrome://marionette/content/action.js:1028:20
action.dispatch@chrome://marionette/content/action.js:1034:5
performActions@chrome://marionette/content/listener.js:853:16
dispatch/</req<@chrome://marionette/content/listener.js:527:14
dispatch/<@chrome://marionette/content/listener.js:520:15
JavaScript error: , line 0: NS_ERROR_NOT_AVAILABLE
JavaScript error: , line 0: NS_ERROR_NOT_AVAILABLE
JavaScript error: , line 0: NS_ERROR_NOT_AVAILABLE
JavaScript error: , line 0: NS_ERROR_NOT_AVAILABLE
JavaScript error: , line 0: NS_ERROR_NOT_AVAILABLE
JavaScript error: , line 0: NS_ERROR_NOT_AVAILABLE
JavaScript error: , line 0: NS_ERROR_NOT_AVAILABLE
JavaScript error: , line 0: NS_ERROR_NOT_AVAILABLE
JavaScript error: , line 0: NS_ERROR_NOT_AVAILABLE
JavaScript error: , line 0: NS_ERROR_NOT_AVAILABLE
JavaScript error: , line 0: NS_ERROR_NOT_AVAILABLE
